{"message":"Request failed with status code 400","name":"Error","stack":"Error: Request failed with status code 400\n    at createError (/home/charles/Desktop/Nodejs/E-wallet/node_modules/axios/lib/core/createError.js:16:15)\n    at settle (/home/charles/Desktop/Nodejs/E-wallet/node_modules/axios/lib/core/settle.js:17:12)\n    at IncomingMessage.handleStreamEnd (/home/charles/Desktop/Nodejs/E-wallet/node_modules/axios/lib/adapters/http.js:269:11)\n    at IncomingMessage.emit (events.js:387:35)\n    at IncomingMessage.emit (domain.js:470:12)\n    at endReadableNT (internal/streams/readable.js:1317:12)\n    at processTicksAndRejections (internal/process/task_queues.js:82:21)","config":{"url":"https://api.paystack.co/charge","method":"post","data":"{\"email\":\"gozione3@gmail.com\",\"amount\":200,\"card\":{\"number\":\"507850785078507804\",\"cvv\":\"408\",\"expiry_year\":\"22\",\"expiry_month\":\"09\"}}","headers":{"Accept":"application/json, text/plain, */*","Content-Type":"application/json","Authorization":"Bearer sk_test_20a5d4ff79274021d44c0cd302879286b4b84e6b","User-Agent":"axios/0.21.4","Content-Length":133},"transformRequest":[null],"transformResponse":[null],"timeout":0,"xsrfCookieName":"XSRF-TOKEN","xsrfHeaderName":"X-XSRF-TOKEN","maxContentLength":-1,"maxBodyLength":-1,"transitional":{"silentJSONParsing":true,"forcedJSONParsing":true,"clarifyTimeoutError":false}}}
{"level":"error"}
{"level":"error"}
{"level":"error"}
{"code":"P2002","clientVersion":"3.0.2","meta":{"target":"card_transactions_last_response_key"},"level":"error"}
{"code":"P2002","clientVersion":"3.0.2","meta":{"target":"card_transactions_last_response_key"},"level":"error"}
{"code":"P2002","clientVersion":"3.0.2","meta":{"target":"card_transactions_last_response_key"},"level":"error"}
{"code":"P2002","clientVersion":"3.0.2","meta":{"target":"card_transactions_last_response_key"},"level":"error"}
{"code":"P2002","clientVersion":"3.0.2","meta":{"target":"card_transactions_last_response_key"},"level":"error"}
{"message":"socket hang up","name":"Error","stack":"Error: socket hang up\n    at connResetException (internal/errors.js:628:14)\n    at TLSSocket.socketOnEnd (_http_client.js:499:23)\n    at TLSSocket.emit (events.js:387:35)\n    at TLSSocket.emit (domain.js:470:12)\n    at endReadableNT (internal/streams/readable.js:1317:12)\n    at processTicksAndRejections (internal/process/task_queues.js:82:21)","config":{"url":"https://api.paystack.co/charge","method":"post","data":"{\"email\":\"charles@gmail.com\",\"amount\":5000,\"card\":{\"number\":\"507850785078507812\",\"cvv\":\"081\",\"expiry_year\":\"22\",\"expiry_month\":\"09\"}}","headers":{"Accept":"application/json, text/plain, */*","Content-Type":"application/json","Authorization":"Bearer sk_test_20a5d4ff79274021d44c0cd302879286b4b84e6b","User-Agent":"axios/0.21.4","Content-Length":133},"transformRequest":[null],"transformResponse":[null],"timeout":0,"xsrfCookieName":"XSRF-TOKEN","xsrfHeaderName":"X-XSRF-TOKEN","maxContentLength":-1,"maxBodyLength":-1,"transitional":{"silentJSONParsing":true,"forcedJSONParsing":true,"clarifyTimeoutError":false}},"code":"ECONNRESET"}
{"level":"error"}
{"message":"getaddrinfo EAI_AGAIN api.paystack.co","name":"Error","stack":"Error: getaddrinfo EAI_AGAIN api.paystack.co\n    at GetAddrInfoReqWrap.onlookup [as oncomplete] (dns.js:69:26)","config":{"url":"https://api.paystack.co/charge","method":"post","data":"{\"email\":\"charles@gmail.com\",\"amount\":5000,\"card\":{\"number\":\"507850785078507812\",\"cvv\":\"081\",\"expiry_year\":\"22\",\"expiry_month\":\"09\"}}","headers":{"Accept":"application/json, text/plain, */*","Content-Type":"application/json","Authorization":"Bearer sk_test_20a5d4ff79274021d44c0cd302879286b4b84e6b","User-Agent":"axios/0.21.4","Content-Length":133},"transformRequest":[null],"transformResponse":[null],"timeout":0,"xsrfCookieName":"XSRF-TOKEN","xsrfHeaderName":"X-XSRF-TOKEN","maxContentLength":-1,"maxBodyLength":-1,"transitional":{"silentJSONParsing":true,"forcedJSONParsing":true,"clarifyTimeoutError":false}},"code":"EAI_AGAIN"}
{"level":"error"}
{"message":"read ECONNRESET","name":"Error","stack":"Error: read ECONNRESET\n    at TLSWrap.onStreamRead (internal/stream_base_commons.js:209:20)","config":{"url":"https://api.paystack.co/charge","method":"post","data":"{\"email\":\"charles@gmail.com\",\"amount\":5000,\"card\":{\"number\":\"507850785078507812\",\"cvv\":\"081\",\"expiry_year\":\"22\",\"expiry_month\":\"09\"}}","headers":{"Accept":"application/json, text/plain, */*","Content-Type":"application/json","Authorization":"Bearer sk_test_20a5d4ff79274021d44c0cd302879286b4b84e6b","User-Agent":"axios/0.21.4","Content-Length":133},"transformRequest":[null],"transformResponse":[null],"timeout":0,"xsrfCookieName":"XSRF-TOKEN","xsrfHeaderName":"X-XSRF-TOKEN","maxContentLength":-1,"maxBodyLength":-1,"transitional":{"silentJSONParsing":true,"forcedJSONParsing":true,"clarifyTimeoutError":false}},"code":"ECONNRESET"}
{"level":"error"}
{"message":"socket hang up","name":"Error","stack":"Error: socket hang up\n    at connResetException (internal/errors.js:628:14)\n    at TLSSocket.socketOnEnd (_http_client.js:499:23)\n    at TLSSocket.emit (events.js:387:35)\n    at TLSSocket.emit (domain.js:470:12)\n    at endReadableNT (internal/streams/readable.js:1317:12)\n    at processTicksAndRejections (internal/process/task_queues.js:82:21)","config":{"url":"https://api.paystack.co/charge","method":"post","data":"{\"email\":\"charles@gmail.com\",\"amount\":5000,\"card\":{\"number\":\"507850785078507812\",\"cvv\":\"081\",\"expiry_year\":\"22\",\"expiry_month\":\"09\"}}","headers":{"Accept":"application/json, text/plain, */*","Content-Type":"application/json","Authorization":"Bearer sk_test_20a5d4ff79274021d44c0cd302879286b4b84e6b","User-Agent":"axios/0.21.4","Content-Length":133},"transformRequest":[null],"transformResponse":[null],"timeout":0,"xsrfCookieName":"XSRF-TOKEN","xsrfHeaderName":"X-XSRF-TOKEN","maxContentLength":-1,"maxBodyLength":-1,"transitional":{"silentJSONParsing":true,"forcedJSONParsing":true,"clarifyTimeoutError":false}},"code":"ECONNRESET"}
{"level":"error"}
{"level":"error"}
{"level":"error"}
{"message":"read ECONNRESET","name":"Error","stack":"Error: read ECONNRESET\n    at TLSWrap.onStreamRead (internal/stream_base_commons.js:209:20)","config":{"url":"https://api.paystack.co/charge","method":"post","data":"{\"email\":\"charles@gmail.com\",\"amount\":5000,\"card\":{\"number\":\"4084084084084081\",\"cvv\":\"408\",\"expiry_year\":\"22\",\"expiry_month\":\"09\"}}","headers":{"Accept":"application/json, text/plain, */*","Content-Type":"application/json","Authorization":"Bearer sk_test_20a5d4ff79274021d44c0cd302879286b4b84e6b","User-Agent":"axios/0.21.4","Content-Length":131},"transformRequest":[null],"transformResponse":[null],"timeout":0,"xsrfCookieName":"XSRF-TOKEN","xsrfHeaderName":"X-XSRF-TOKEN","maxContentLength":-1,"maxBodyLength":-1,"transitional":{"silentJSONParsing":true,"forcedJSONParsing":true,"clarifyTimeoutError":false}},"code":"ECONNRESET"}
{"level":"error"}
{"level":"error"}
{"level":"error"}
{"level":"error"}
{"level":"error"}
{"level":"error"}
{"level":"error"}
{"level":"error"}
{"message":"getaddrinfo EAI_AGAIN api.paystack.co","name":"Error","stack":"Error: getaddrinfo EAI_AGAIN api.paystack.co\n    at GetAddrInfoReqWrap.onlookup [as oncomplete] (dns.js:69:26)","config":{"url":"https://api.paystack.co/charge","method":"post","data":"{\"email\":\"charles@gmail.com\",\"amount\":5000,\"card\":{\"number\":\"4084084084084081\",\"cvv\":\"408\",\"expiry_year\":\"22\",\"expiry_month\":\"09\"}}","headers":{"Accept":"application/json, text/plain, */*","Content-Type":"application/json","Authorization":"Bearer sk_test_20a5d4ff79274021d44c0cd302879286b4b84e6b","User-Agent":"axios/0.21.4","Content-Length":131},"transformRequest":[null],"transformResponse":[null],"timeout":0,"xsrfCookieName":"XSRF-TOKEN","xsrfHeaderName":"X-XSRF-TOKEN","maxContentLength":-1,"maxBodyLength":-1,"transitional":{"silentJSONParsing":true,"forcedJSONParsing":true,"clarifyTimeoutError":false}},"code":"EAI_AGAIN"}
{"level":"error"}
